  game_funtion.cpp
C:\Users\b3208554\Desktop\DungeonGame\DungeonGame\game_funtion.cpp(102,26): warning C4566: 由通用字元名稱 '\u26A0' 表示的字元，無法在目前的字碼頁中表示 (950)
C:\Users\b3208554\Desktop\DungeonGame\DungeonGame\game_funtion.cpp(102,26): warning C4566: 由通用字元名稱 '\uFE0F' 表示的字元，無法在目前的字碼頁中表示 (950)
C:\Users\b3208554\Desktop\DungeonGame\DungeonGame\game_funtion.cpp(143,49): warning C4244: '=': 將 'double' 轉換為 'int'，由於類型不同，可能導致資料遺失
C:\Users\b3208554\Desktop\DungeonGame\DungeonGame\game_funtion.cpp(198,84): warning C4566: 由通用字元名稱 '\U0001F5E1' 表示的字元，無法在目前的字碼頁中表示 (950)
C:\Users\b3208554\Desktop\DungeonGame\DungeonGame\game_funtion.cpp(198,84): warning C4566: 由通用字元名稱 '\uFE0F' 表示的字元，無法在目前的字碼頁中表示 (950)
C:\Users\b3208554\Desktop\DungeonGame\DungeonGame\game_funtion.cpp(201,87): warning C4566: 由通用字元名稱 '\U0001F3F9' 表示的字元，無法在目前的字碼頁中表示 (950)
C:\Users\b3208554\Desktop\DungeonGame\DungeonGame\game_funtion.cpp(204,87): warning C4566: 由通用字元名稱 '\U0001FA93' 表示的字元，無法在目前的字碼頁中表示 (950)
C:\Users\b3208554\Desktop\DungeonGame\DungeonGame\game_funtion.cpp(211,106): warning C4566: 由通用字元名稱 '\U0001F9EA' 表示的字元，無法在目前的字碼頁中表示 (950)
C:\Users\b3208554\Desktop\DungeonGame\DungeonGame\game_funtion.cpp(214,99): warning C4566: 由通用字元名稱 '\u2620' 表示的字元，無法在目前的字碼頁中表示 (950)
C:\Users\b3208554\Desktop\DungeonGame\DungeonGame\game_funtion.cpp(214,99): warning C4566: 由通用字元名稱 '\uFE0F' 表示的字元，無法在目前的字碼頁中表示 (950)
C:\Users\b3208554\Desktop\DungeonGame\DungeonGame\game_funtion.cpp(217,107): warning C4566: 由通用字元名稱 '\U0001F4AA' 表示的字元，無法在目前的字碼頁中表示 (950)
C:\Users\b3208554\Desktop\DungeonGame\DungeonGame\game_funtion.cpp(220,109): warning C4566: 由通用字元名稱 '\U0001F4A5' 表示的字元，無法在目前的字碼頁中表示 (950)
C:\Users\b3208554\Desktop\DungeonGame\DungeonGame\game_funtion.cpp(228,102): warning C4566: 由通用字元名稱 '\U0001F9EA' 表示的字元，無法在目前的字碼頁中表示 (950)
C:\Users\b3208554\Desktop\DungeonGame\DungeonGame\game_funtion.cpp(261,76): warning C4566: 由通用字元名稱 '\U0001F5E1' 表示的字元，無法在目前的字碼頁中表示 (950)
C:\Users\b3208554\Desktop\DungeonGame\DungeonGame\game_funtion.cpp(261,76): warning C4566: 由通用字元名稱 '\uFE0F' 表示的字元，無法在目前的字碼頁中表示 (950)
C:\Users\b3208554\Desktop\DungeonGame\DungeonGame\game_funtion.cpp(264,79): warning C4566: 由通用字元名稱 '\U0001F3F9' 表示的字元，無法在目前的字碼頁中表示 (950)
C:\Users\b3208554\Desktop\DungeonGame\DungeonGame\game_funtion.cpp(267,79): warning C4566: 由通用字元名稱 '\U0001FA93' 表示的字元，無法在目前的字碼頁中表示 (950)
C:\Users\b3208554\Desktop\DungeonGame\DungeonGame\game_funtion.cpp(273,98): warning C4566: 由通用字元名稱 '\U0001F9EA' 表示的字元，無法在目前的字碼頁中表示 (950)
C:\Users\b3208554\Desktop\DungeonGame\DungeonGame\game_funtion.cpp(276,91): warning C4566: 由通用字元名稱 '\u2620' 表示的字元，無法在目前的字碼頁中表示 (950)
C:\Users\b3208554\Desktop\DungeonGame\DungeonGame\game_funtion.cpp(276,91): warning C4566: 由通用字元名稱 '\uFE0F' 表示的字元，無法在目前的字碼頁中表示 (950)
C:\Users\b3208554\Desktop\DungeonGame\DungeonGame\game_funtion.cpp(279,99): warning C4566: 由通用字元名稱 '\U0001F4AA' 表示的字元，無法在目前的字碼頁中表示 (950)
C:\Users\b3208554\Desktop\DungeonGame\DungeonGame\game_funtion.cpp(282,101): warning C4566: 由通用字元名稱 '\U0001F4A5' 表示的字元，無法在目前的字碼頁中表示 (950)
C:\Users\b3208554\Desktop\DungeonGame\DungeonGame\game_funtion.cpp(289,94): warning C4566: 由通用字元名稱 '\U0001F9EA' 表示的字元，無法在目前的字碼頁中表示 (950)
  Iteam.cpp
  main.cpp
C:\Users\b3208554\Desktop\DungeonGame\DungeonGame\main.cpp(11,15): warning C4244: '引數': 將 'time_t' 轉換為 'unsigned int'，由於類型不同，可能導致資料遺失
  正在產生程式碼...
  DungeonGame.vcxproj -> C:\Users\b3208554\Desktop\DungeonGame\x64\Debug\DungeonGame.exe
